<?xml version="1.0" encoding="UTF-8"?>
<!-- Generated by org.testng.reporters.JUnitReportReporter -->
<testsuite hostname="LAPTOP-9U1KJMDO" failures="0" tests="13" name="com.tests.LoginTest" time="85.682" errors="0" timestamp="2024-12-23T20:59:30 IST" skipped="0">
  <testcase classname="com.tests.LoginTest" name="Verify_loginButton_Displaying" time="5.205"/>
  <testcase classname="com.tests.LoginTest" name="UsernameField_Displaying" time="5.197"/>
  <testcase classname="com.tests.LoginTest" name="PasswordField_Displaying" time="5.302"/>
  <testcase classname="com.tests.LoginTest" name="login_With_Valid_Credentials" time="4.747"/>
  <testcase classname="com.tests.LoginTest" name="login_With_Invalid_Credentials" time="3.971"/>
  <testcase classname="com.tests.LoginTest" name="Login_With_Invalid_UserName_And_Valid_Password" time="3.981"/>
  <testcase classname="com.tests.LoginTest" name="Login_With_ValidUserName_And_Invalid_Password" time="3.862"/>
  <testcase classname="com.tests.LoginTest" name="Press_login_Button_Without_Enter_Credentials_Alert" time="2.345"/>
  <testcase classname="com.tests.LoginTest" name="Press_login_Button_Without_UserName_With_Password_Alert" time="2.685"/>
  <testcase classname="com.tests.LoginTest" name="Press_login_Button_With_UserName_Without_Password_Alert" time="2.717"/>
  <testcase classname="com.tests.LoginTest" name="Press_login_Button_With_Invalid_UserName_Invalid_Password_Alert" time="3.039"/>
  <testcase classname="com.tests.LoginTest" name="Verify_LogOut_Button" time="10.130"/>
  <testcase classname="com.tests.LoginTest" name="login_With_Excel_Credentials" time="32.501"/>
</testsuite> <!-- com.tests.LoginTest -->
