<?xml version="1.0" encoding="UTF-8"?>
<!-- Generated by org.testng.reporters.JUnitReportReporter -->
<testsuite hostname="LAPTOP-9U1KJMDO" failures="0" tests="10" name="com.tests.HomeTest" time="55.713" errors="0" timestamp="2024-12-23T20:59:30 IST" skipped="0">
  <testcase classname="com.tests.HomeTest" name="Verify_Products_Title" time="5.051"/>
  <testcase classname="com.tests.HomeTest" name="Verify_Sort_Option" time="7.036"/>
  <testcase classname="com.tests.HomeTest" name="Veryfy_SideMenu_open" time="5.364"/>
  <testcase classname="com.tests.HomeTest" name="Veryfy_SideMenu_close" time="9.676"/>
  <testcase classname="com.tests.HomeTest" name="Verify_Inventory_Items_Container" time="6.251"/>
  <testcase classname="com.tests.HomeTest" name="Verify_Items_Price_Sort_High_To_Low" time="3.861"/>
  <testcase classname="com.tests.HomeTest" name="Verify_Items_Price_Sort_Low_To_High" time="3.799"/>
  <testcase classname="com.tests.HomeTest" name="Verify_Items_Name_Order_Acending" time="3.564"/>
  <testcase classname="com.tests.HomeTest" name="Verify_Items_Name_Order_Decending" time="3.610"/>
  <testcase classname="com.tests.HomeTest" name="Verify_cart_Icon_Present_or_Not" time="7.501"/>
</testsuite> <!-- com.tests.HomeTest -->
