<?xml version="1.0" encoding="UTF-8"?>
<!-- Generated by org.testng.reporters.JUnitReportReporter -->
<testsuite hostname="LAPTOP-9U1KJMDO" failures="0" tests="2" name="com.tests.test" time="6.942" errors="0" timestamp="2024-12-14T21:04:39 IST" skipped="0">
  <testcase classname="com.tests.test" name="login" time="3.957"/>
  <testcase classname="com.tests.test" name="login2" time="2.985"/>
</testsuite> <!-- com.tests.test -->
